<?xml version="1.0" encoding="UTF-8"?>
<testng-results ignored="0" total="2" passed="2" failed="0" skipped="0">
  <reporter-output>
  </reporter-output>
  <suite started-at="2022-07-28T20:30:18 IST" name="Default Suite" finished-at="2022-07-28T20:30:18 IST" duration-ms="152">
    <groups>
    </groups>
    <test started-at="2022-07-28T20:30:18 IST" name="KadubaPatilAutomation" finished-at="2022-07-28T20:30:18 IST" duration-ms="152">
      <class name="seleniumtestng.DataProviderExample">
        <test-method signature="method1(java.lang.String, java.lang.String)[pri:0, instance:seleniumtestng.DataProviderExample@35cabb2a]" started-at="2022-07-28T20:30:18 IST" name="method1" data-provider="gmail account details provider" finished-at="2022-07-28T20:30:18 IST" duration-ms="11" status="PASS">
          <params>
            <param index="0">
              <value>
                <![CDATA[kaduba.patil@gmail.com]]>
              </value>
            </param>
            <param index="1">
              <value>
                <![CDATA[abc]]>
              </value>
            </param>
          </params>
          <reporter-output>
          </reporter-output>
        </test-method> <!-- method1 -->
        <test-method signature="method1(java.lang.String, java.lang.String)[pri:0, instance:seleniumtestng.DataProviderExample@35cabb2a]" started-at="2022-07-28T20:30:18 IST" name="method1" data-provider="gmail account details provider" finished-at="2022-07-28T20:30:18 IST" duration-ms="0" status="PASS">
          <params>
            <param index="0">
              <value>
                <![CDATA[xyz@gmail.com]]>
              </value>
            </param>
            <param index="1">
              <value>
                <![CDATA[ksp]]>
              </value>
            </param>
          </params>
          <reporter-output>
          </reporter-output>
        </test-method> <!-- method1 -->
      </class> <!-- seleniumtestng.DataProviderExample -->
    </test> <!-- KadubaPatilAutomation -->
  </suite> <!-- Default Suite -->
</testng-results>
